<?xml version="1.0" encoding="UTF-8"?>
<!-- Generated by org.testng.reporters.JUnitReportReporter -->
<testsuite hostname="puneet" failures="0" tests="1" name="myRunner.TestRunner" time="49.987" errors="0" timestamp="18 Jun 2020 11:12:50 GMT" skipped="0">
  <testcase classname="myRunner.TestRunner" name="feature" time="49.987"/>
</testsuite> <!-- myRunner.TestRunner -->
