<?xml version="1.0" encoding="UTF-8"?>
<!-- Generated by org.testng.reporters.JUnitReportReporter -->
<testsuite hostname="puneet" failures="0" tests="1" name="myRunner.TestRunner" time="33.838" errors="0" timestamp="02 Jun 2020 13:08:27 GMT" skipped="0">
  <testcase classname="myRunner.TestRunner" name="feature" time="33.838"/>
</testsuite> <!-- myRunner.TestRunner -->
