<?xml version="1.0" encoding="UTF-8"?>
<!-- Generated by org.testng.reporters.JUnitReportReporter -->
<testsuite hostname="puneet" failures="0" tests="1" name="myRunner.TestRunner" time="28.303" errors="0" timestamp="26 May 2020 13:33:01 GMT" skipped="0">
  <testcase classname="myRunner.TestRunner" name="feature" time="28.303"/>
</testsuite> <!-- myRunner.TestRunner -->
