<?xml version="1.0" encoding="UTF-8"?>
<!-- Generated by org.testng.reporters.JUnitReportReporter -->
<testsuite hostname="puneet" failures="0" tests="2" name="myRunner.TestRunner" time="54.681" errors="0" timestamp="27 May 2020 06:27:09 GMT" skipped="0">
  <testcase classname="myRunner.TestRunner" name="feature" time="18.335"/>
  <testcase classname="myRunner.TestRunner" name="feature" time="36.346"/>
</testsuite> <!-- myRunner.TestRunner -->
